# JRE version: OpenJDK Runtime Environment (8.0_152-b02) (build 1.8.0_152-release-1024-b02)
# Java VM: OpenJDK 64-Bit Server VM (25.152-b02 mixed mode windows-amd64 compressed oops)
Heap:
 PSYoungGen      total 64000K, used 52419K [0x00000000e0000000, 0x00000000e5d80000, 0x0000000100000000)
  eden space 53760K, 97% used [0x00000000e0000000,0x00000000e3330ef0,0x00000000e3480000)
  from space 10240K, 0% used [0x00000000e3480000,0x00000000e3480000,0x00000000e3e80000)
  to   space 10752K, 0% used [0x00000000e5300000,0x00000000e5300000,0x00000000e5d80000)
 ParOldGen       total 70144K, used 17281K [0x00000000a0000000, 0x00000000a4480000, 0x00000000e0000000)
  object space 70144K, 24% used [0x00000000a0000000,0x00000000a10e0618,0x00000000a4480000)
 Metaspace       used 37153K, capacity 37960K, committed 38104K, reserved 1081344K
  class space    used 5095K, capacity 5336K, committed 5376K, reserved 1048576K
GC Heap History (10 events):
Event: 26.019 GC heap before
{Heap before GC invocations=7 (full 1):
 PSYoungGen      total 37888K, used 32768K [0x00000000e0000000, 0x00000000e4200000, 0x0000000100000000)
  eden space 32768K, 100% used [0x00000000e0000000,0x00000000e2000000,0x00000000e2000000)
  from space 5120K, 0% used [0x00000000e2080000,0x00000000e2080000,0x00000000e2580000)
  to   space 10240K, 0% used [0x00000000e3800000,0x00000000e3800000,0x00000000e4200000)
 ParOldGen       total 45568K, used 8240K [0x00000000a0000000, 0x00000000a2c80000, 0x00000000e0000000)
  object space 45568K, 18% used [0x00000000a0000000,0x00000000a080c0d8,0x00000000a2c80000)
 Metaspace       used 24111K, capacity 24620K, committed 24832K, reserved 1071104K
  class space    used 3313K, capacity 3467K, committed 3584K, reserved 1048576K
Event: 26.026 GC heap after
Heap after GC invocations=7 (full 1):
 PSYoungGen      total 36864K, used 4118K [0x00000000e0000000, 0x00000000e3c80000, 0x0000000100000000)
  eden space 32256K, 0% used [0x00000000e0000000,0x00000000e0000000,0x00000000e1f80000)
  from space 4608K, 89% used [0x00000000e3800000,0x00000000e3c059c8,0x00000000e3c80000)
  to   space 10240K, 0% used [0x00000000e2880000,0x00000000e2880000,0x00000000e3280000)
 ParOldGen       total 45568K, used 8248K [0x00000000a0000000, 0x00000000a2c80000, 0x00000000e0000000)
  object space 45568K, 18% used [0x00000000a0000000,0x00000000a080e0d8,0x00000000a2c80000)
 Metaspace       used 24111K, capacity 24620K, committed 24832K, reserved 1071104K
  class space    used 3313K, capacity 3467K, committed 3584K, reserved 1048576K
}
Event: 27.179 GC heap before
{Heap before GC invocations=8 (full 1):
 PSYoungGen      total 36864K, used 36374K [0x00000000e0000000, 0x00000000e3c80000, 0x0000000100000000)
  eden space 32256K, 100% used [0x00000000e0000000,0x00000000e1f80000,0x00000000e1f80000)
  from space 4608K, 89% used [0x00000000e3800000,0x00000000e3c059c8,0x00000000e3c80000)
  to   space 10240K, 0% used [0x00000000e2880000,0x00000000e2880000,0x00000000e3280000)
 ParOldGen       total 45568K, used 8248K [0x00000000a0000000, 0x00000000a2c80000, 0x00000000e0000000)
  object space 45568K, 18% used [0x00000000a0000000,0x00000000a080e0d8,0x00000000a2c80000)
 Metaspace       used 26573K, capacity 27132K, committed 27392K, reserved 1073152K
  class space    used 3661K, capacity 3833K, committed 3840K, reserved 1048576K
Event: 27.198 GC heap after
Heap after GC invocations=8 (full 1):
 PSYoungGen      total 51712K, used 4933K [0x00000000e0000000, 0x00000000e4880000, 0x0000000100000000)
  eden space 41472K, 0% used [0x00000000e0000000,0x00000000e0000000,0x00000000e2880000)
  from space 10240K, 48% used [0x00000000e2880000,0x00000000e2d51598,0x00000000e3280000)
  to   space 10240K, 0% used [0x00000000e3e80000,0x00000000e3e80000,0x00000000e4880000)
 ParOldGen       total 45568K, used 8256K [0x00000000a0000000, 0x00000000a2c80000, 0x00000000e0000000)
  object space 45568K, 18% used [0x00000000a0000000,0x00000000a08100d8,0x00000000a2c80000)
 Metaspace       used 26573K, capacity 27132K, committed 27392K, reserved 1073152K
  class space    used 3661K, capacity 3833K, committed 3840K, reserved 1048576K
}
Event: 28.834 GC heap before
{Heap before GC invocations=9 (full 1):
 PSYoungGen      total 51712K, used 46405K [0x00000000e0000000, 0x00000000e4880000, 0x0000000100000000)
  eden space 41472K, 100% used [0x00000000e0000000,0x00000000e2880000,0x00000000e2880000)
  from space 10240K, 48% used [0x00000000e2880000,0x00000000e2d51598,0x00000000e3280000)
  to   space 10240K, 0% used [0x00000000e3e80000,0x00000000e3e80000,0x00000000e4880000)
 ParOldGen       total 45568K, used 8256K [0x00000000a0000000, 0x00000000a2c80000, 0x00000000e0000000)
  object space 45568K, 18% used [0x00000000a0000000,0x00000000a08100d8,0x00000000a2c80000)
 Metaspace       used 28989K, capacity 29500K, committed 29568K, reserved 1075200K
  class space    used 4047K, capacity 4217K, committed 4224K, reserved 1048576K
Event: 28.852 GC heap after
Heap after GC invocations=9 (full 1):
 PSYoungGen      total 64000K, used 6922K [0x00000000e0000000, 0x00000000e5800000, 0x0000000100000000)
  eden space 53760K, 0% used [0x00000000e0000000,0x00000000e0000000,0x00000000e3480000)
  from space 10240K, 67% used [0x00000000e3e80000,0x00000000e4542b58,0x00000000e4880000)
  to   space 10240K, 0% used [0x00000000e3480000,0x00000000e3480000,0x00000000e3e80000)
 ParOldGen       total 45568K, used 8264K [0x00000000a0000000, 0x00000000a2c80000, 0x00000000e0000000)
  object space 45568K, 18% used [0x00000000a0000000,0x00000000a08120d8,0x00000000a2c80000)
 Metaspace       used 28989K, capacity 29500K, committed 29568K, reserved 1075200K
  class space    used 4047K, capacity 4217K, committed 4224K, reserved 1048576K
}
Event: 33.688 GC heap before
{Heap before GC invocations=10 (full 1):
 PSYoungGen      total 64000K, used 53330K [0x00000000e0000000, 0x00000000e5800000, 0x0000000100000000)
  eden space 53760K, 86% used [0x00000000e0000000,0x00000000e2d52018,0x00000000e3480000)
  from space 10240K, 67% used [0x00000000e3e80000,0x00000000e4542b58,0x00000000e4880000)
  to   space 10240K, 0% used [0x00000000e3480000,0x00000000e3480000,0x00000000e3e80000)
 ParOldGen       total 45568K, used 8264K [0x00000000a0000000, 0x00000000a2c80000, 0x00000000e0000000)
  object space 45568K, 18% used [0x00000000a0000000,0x00000000a08120d8,0x00000000a2c80000)
 Metaspace       used 34747K, capacity 35386K, committed 35416K, reserved 1079296K
  class space    used 4785K, capacity 4971K, committed 4992K, reserved 1048576K
Event: 33.698 GC heap after
Heap after GC invocations=10 (full 1):
 PSYoungGen      total 64000K, used 9061K [0x00000000e0000000, 0x00000000e5d80000, 0x0000000100000000)
  eden space 53760K, 0% used [0x00000000e0000000,0x00000000e0000000,0x00000000e3480000)
  from space 10240K, 88% used [0x00000000e3480000,0x00000000e3d59568,0x00000000e3e80000)
  to   space 10752K, 0% used [0x00000000e5300000,0x00000000e5300000,0x00000000e5d80000)
 ParOldGen       total 45568K, used 9908K [0x00000000a0000000, 0x00000000a2c80000, 0x00000000e0000000)
  object space 45568K, 21% used [0x00000000a0000000,0x00000000a09ad178,0x00000000a2c80000)
 Metaspace       used 34747K, capacity 35386K, committed 35416K, reserved 1079296K
  class space    used 4785K, capacity 4971K, committed 4992K, reserved 1048576K
}
Event: 33.698 GC heap before
{Heap before GC invocations=11 (full 2):
 PSYoungGen      total 64000K, used 9061K [0x00000000e0000000, 0x00000000e5d80000, 0x0000000100000000)
  eden space 53760K, 0% used [0x00000000e0000000,0x00000000e0000000,0x00000000e3480000)
  from space 10240K, 88% used [0x00000000e3480000,0x00000000e3d59568,0x00000000e3e80000)
  to   space 10752K, 0% used [0x00000000e5300000,0x00000000e5300000,0x00000000e5d80000)
 ParOldGen       total 45568K, used 9908K [0x00000000a0000000, 0x00000000a2c80000, 0x00000000e0000000)
  object space 45568K, 21% used [0x00000000a0000000,0x00000000a09ad178,0x00000000a2c80000)
 Metaspace       used 34747K, capacity 35386K, committed 35416K, reserved 1079296K
  class space    used 4785K, capacity 4971K, committed 4992K, reserved 1048576K
Event: 33.783 GC heap after
Heap after GC invocations=11 (full 2):
 PSYoungGen      total 64000K, used 0K [0x00000000e0000000, 0x00000000e5d80000, 0x0000000100000000)
  eden space 53760K, 0% used [0x00000000e0000000,0x00000000e0000000,0x00000000e3480000)
  from space 10240K, 0% used [0x00000000e3480000,0x00000000e3480000,0x00000000e3e80000)
  to   space 10752K, 0% used [0x00000000e5300000,0x00000000e5300000,0x00000000e5d80000)
 ParOldGen       total 70144K, used 17281K [0x00000000a0000000, 0x00000000a4480000, 0x00000000e0000000)
  object space 70144K, 24% used [0x00000000a0000000,0x00000000a10e0618,0x00000000a4480000)
 Metaspace       used 34747K, capacity 35386K, committed 35416K, reserved 1079296K
  class space    used 4785K, capacity 4971K, committed 4992K, reserved 1048576K
}

